mode: set
github.com/caio-campos/vecto/examples/custom_logger.go:15.51,17.2 1 0
github.com/caio-campos/vecto/examples/custom_logger.go:19.94,21.2 1 0
github.com/caio-campos/vecto/examples/custom_logger.go:23.93,25.2 1 0
github.com/caio-campos/vecto/examples/custom_logger.go:27.93,29.2 1 0
github.com/caio-campos/vecto/examples/custom_logger.go:31.94,33.2 1 0
github.com/caio-campos/vecto/examples/custom_logger.go:35.26,42.16 3 0
github.com/caio-campos/vecto/examples/custom_logger.go:42.16,43.13 1 0
github.com/caio-campos/vecto/examples/custom_logger.go:46.2,48.16 3 0
github.com/caio-campos/vecto/examples/custom_logger.go:48.16,51.3 2 0
github.com/caio-campos/vecto/examples/custom_logger.go:53.2,53.44 1 0
github.com/caio-campos/vecto/client.go:15.90,17.16 2 1
github.com/caio-campos/vecto/client.go:17.16,19.3 1 0
github.com/caio-campos/vecto/client.go:21.2,22.16 2 1
github.com/caio-campos/vecto/client.go:22.16,24.3 1 1
github.com/caio-campos/vecto/client.go:26.2,29.18 3 1
github.com/caio-campos/vecto/client.go:29.18,31.3 1 0
github.com/caio-campos/vecto/client.go:33.2,35.16 3 1
github.com/caio-campos/vecto/client.go:35.16,37.3 1 0
github.com/caio-campos/vecto/client.go:39.2,39.36 1 1
github.com/caio-campos/vecto/client.go:39.36,42.12 3 1
github.com/caio-campos/vecto/client.go:42.12,44.4 1 1
github.com/caio-campos/vecto/client.go:47.2,55.17 2 1
github.com/caio-campos/vecto/definitions.go:50.54,52.2 1 1
github.com/caio-campos/vecto/errors.go:9.40,11.2 1 1
github.com/caio-campos/vecto/errors.go:13.40,15.2 1 1
github.com/caio-campos/vecto/factory.go:15.64,19.16 3 1
github.com/caio-campos/vecto/factory.go:19.16,21.3 1 0
github.com/caio-campos/vecto/factory.go:23.2,28.20 2 1
github.com/caio-campos/vecto/factory.go:31.60,35.2 1 1
github.com/caio-campos/vecto/factory.go:37.68,39.22 2 1
github.com/caio-campos/vecto/factory.go:39.22,41.17 2 1
github.com/caio-campos/vecto/factory.go:41.17,43.4 1 1
github.com/caio-campos/vecto/factory.go:46.2,51.20 2 1
github.com/caio-campos/vecto/factory.go:54.89,55.37 1 1
github.com/caio-campos/vecto/factory.go:55.37,61.3 2 1
github.com/caio-campos/vecto/factory.go:63.2,66.51 3 1
github.com/caio-campos/vecto/factory.go:66.51,68.10 2 1
github.com/caio-campos/vecto/factory.go:68.10,70.4 1 1
github.com/caio-campos/vecto/factory.go:72.3,73.17 2 0
github.com/caio-campos/vecto/factory.go:73.17,75.4 1 0
github.com/caio-campos/vecto/factory.go:77.3,77.44 1 0
github.com/caio-campos/vecto/factory.go:80.2,91.23 3 0
github.com/caio-campos/vecto/interceptor.go:21.72,25.2 3 1
github.com/caio-campos/vecto/interceptor.go:27.66,35.2 5 1
github.com/caio-campos/vecto/interceptor.go:42.72,46.2 3 1
github.com/caio-campos/vecto/interceptor.go:48.66,56.2 5 1
github.com/caio-campos/vecto/logger.go:25.93,25.94 0 1
github.com/caio-campos/vecto/logger.go:26.93,26.94 0 1
github.com/caio-campos/vecto/logger.go:27.93,27.94 0 0
github.com/caio-campos/vecto/logger.go:28.93,28.94 0 1
github.com/caio-campos/vecto/logger.go:30.29,32.2 1 1
github.com/caio-campos/vecto/request.go:34.58,38.2 3 1
github.com/caio-campos/vecto/request.go:42.46,46.2 3 0
github.com/caio-campos/vecto/request.go:50.57,51.15 1 1
github.com/caio-campos/vecto/request.go:51.15,53.3 1 1
github.com/caio-campos/vecto/request.go:54.2,56.21 3 1
github.com/caio-campos/vecto/request.go:56.21,58.3 1 1
github.com/caio-campos/vecto/request.go:59.2,60.29 2 1
github.com/caio-campos/vecto/request.go:63.57,66.34 3 0
github.com/caio-campos/vecto/request.go:66.34,68.3 1 0
github.com/caio-campos/vecto/request.go:73.48,74.15 1 1
github.com/caio-campos/vecto/request.go:74.15,76.3 1 1
github.com/caio-campos/vecto/request.go:77.2,79.31 3 1
github.com/caio-campos/vecto/request.go:82.54,83.22 1 1
github.com/caio-campos/vecto/request.go:83.22,85.3 1 0
github.com/caio-campos/vecto/request.go:86.2,86.24 1 1
github.com/caio-campos/vecto/request.go:92.38,96.2 3 1
github.com/caio-campos/vecto/request.go:98.44,100.16 2 1
github.com/caio-campos/vecto/request.go:100.16,102.3 1 1
github.com/caio-campos/vecto/request.go:104.2,110.16 6 1
github.com/caio-campos/vecto/request.go:110.16,112.3 1 0
github.com/caio-campos/vecto/request.go:114.2,116.12 2 1
github.com/caio-campos/vecto/request.go:121.36,125.2 3 1
github.com/caio-campos/vecto/request.go:129.36,133.2 3 1
github.com/caio-campos/vecto/request.go:137.33,141.2 3 1
github.com/caio-campos/vecto/request.go:145.35,149.2 3 1
github.com/caio-campos/vecto/request.go:153.33,157.2 3 1
github.com/caio-campos/vecto/request.go:161.35,165.2 3 1
github.com/caio-campos/vecto/request.go:169.38,173.2 3 1
github.com/caio-campos/vecto/request.go:178.47,183.30 4 1
github.com/caio-campos/vecto/request.go:183.30,185.3 1 1
github.com/caio-campos/vecto/request.go:186.2,186.20 1 1
github.com/caio-campos/vecto/request.go:192.43,197.29 4 1
github.com/caio-campos/vecto/request.go:197.29,199.3 1 1
github.com/caio-campos/vecto/request.go:200.2,200.19 1 1
github.com/caio-campos/vecto/request.go:203.77,207.51 3 1
github.com/caio-campos/vecto/request.go:207.51,209.3 1 0
github.com/caio-campos/vecto/request.go:211.2,215.16 4 1
github.com/caio-campos/vecto/request.go:215.16,217.3 1 0
github.com/caio-campos/vecto/request.go:219.2,224.22 4 1
github.com/caio-campos/vecto/request.go:227.71,230.36 2 1
github.com/caio-campos/vecto/request.go:230.36,232.3 1 1
github.com/caio-campos/vecto/request.go:234.2,234.25 1 1
github.com/caio-campos/vecto/request_builder.go:8.65,17.2 1 1
github.com/caio-campos/vecto/request_builder.go:19.71,20.30 1 1
github.com/caio-campos/vecto/request_builder.go:20.30,22.3 1 0
github.com/caio-campos/vecto/request_builder.go:23.2,24.10 2 1
github.com/caio-campos/vecto/request_builder.go:27.80,28.34 1 1
github.com/caio-campos/vecto/request_builder.go:28.34,30.3 1 1
github.com/caio-campos/vecto/request_builder.go:31.2,31.10 1 1
github.com/caio-campos/vecto/request_builder.go:34.74,35.18 1 0
github.com/caio-campos/vecto/request_builder.go:35.18,37.3 1 0
github.com/caio-campos/vecto/request_builder.go:39.2,39.55 1 0
github.com/caio-campos/vecto/request_builder.go:39.55,41.3 1 0
github.com/caio-campos/vecto/request_builder.go:42.2,42.10 1 0
github.com/caio-campos/vecto/request_builder.go:45.68,48.2 2 1
github.com/caio-campos/vecto/request_builder.go:50.87,53.2 2 1
github.com/caio-campos/vecto/request_builder.go:55.52,56.18 1 1
github.com/caio-campos/vecto/request_builder.go:56.18,58.3 1 0
github.com/caio-campos/vecto/request_builder.go:60.2,61.16 2 1
github.com/caio-campos/vecto/request_builder.go:61.16,63.3 1 0
github.com/caio-campos/vecto/request_builder.go:65.2,65.23 1 1
github.com/caio-campos/vecto/request_transformers.go:8.75,10.37 2 1
github.com/caio-campos/vecto/request_transformers.go:10.37,12.3 1 1
github.com/caio-campos/vecto/request_transformers.go:14.2,14.30 1 0
github.com/caio-campos/vecto/request_transformers.go:17.71,19.37 2 0
github.com/caio-campos/vecto/request_transformers.go:19.37,21.3 1 0
github.com/caio-campos/vecto/request_transformers.go:23.2,25.8 3 0
github.com/caio-campos/vecto/request_transformers.go:25.8,27.3 1 0
github.com/caio-campos/vecto/request_transformers.go:29.2,31.36 2 0
github.com/caio-campos/vecto/request_transformers.go:31.36,33.3 1 0
github.com/caio-campos/vecto/request_transformers.go:35.2,35.39 1 0
github.com/caio-campos/vecto/response.go:23.41,24.14 1 1
github.com/caio-campos/vecto/response.go:24.14,26.3 1 0
github.com/caio-campos/vecto/response.go:29.2,34.25 4 1
github.com/caio-campos/vecto/response.go:34.25,36.3 1 1
github.com/caio-campos/vecto/response.go:39.2,40.26 2 1
github.com/caio-campos/vecto/response.go:40.26,59.3 2 1
github.com/caio-campos/vecto/response.go:62.2,69.3 1 1
github.com/caio-campos/vecto/response.go:72.56,73.20 1 1
github.com/caio-campos/vecto/response.go:73.20,75.3 1 1
github.com/caio-campos/vecto/response.go:77.2,78.28 2 1
github.com/caio-campos/vecto/response.go:78.28,80.3 1 1
github.com/caio-campos/vecto/response.go:81.2,81.15 1 1
github.com/caio-campos/vecto/response.go:84.44,85.14 1 1
github.com/caio-campos/vecto/response.go:85.14,87.3 1 1
github.com/caio-campos/vecto/response.go:89.2,91.15 3 1
github.com/caio-campos/vecto/response.go:94.35,96.2 1 1
github.com/caio-campos/vecto/response.go:98.47,99.15 1 0
github.com/caio-campos/vecto/response.go:99.15,101.3 1 0
github.com/caio-campos/vecto/response.go:103.2,105.3 1 0
github.com/caio-campos/vecto/url.go:8.90,10.16 2 1
github.com/caio-campos/vecto/url.go:10.16,12.3 1 1
github.com/caio-campos/vecto/url.go:14.2,15.33 2 1
github.com/caio-campos/vecto/url.go:15.33,17.3 1 1
github.com/caio-campos/vecto/url.go:19.2,20.23 2 1
github.com/caio-campos/vecto/vecto.go:28.43,29.17 1 1
github.com/caio-campos/vecto/vecto.go:29.17,31.4 1 0
github.com/caio-campos/vecto/vecto.go:33.3,33.55 1 1
github.com/caio-campos/vecto/vecto.go:40.47,41.47 1 1
github.com/caio-campos/vecto/vecto.go:41.47,43.3 1 1
github.com/caio-campos/vecto/vecto.go:45.2,51.32 3 1
github.com/caio-campos/vecto/vecto.go:51.32,53.3 1 1
github.com/caio-campos/vecto/vecto.go:53.8,55.3 1 0
github.com/caio-campos/vecto/vecto.go:57.2,58.16 2 1
github.com/caio-campos/vecto/vecto.go:58.16,60.3 1 0
github.com/caio-campos/vecto/vecto.go:62.2,62.23 1 1
github.com/caio-campos/vecto/vecto.go:65.42,66.24 1 1
github.com/caio-campos/vecto/vecto.go:66.24,68.3 1 1
github.com/caio-campos/vecto/vecto.go:70.2,70.36 1 1
github.com/caio-campos/vecto/vecto.go:70.36,72.3 1 1
github.com/caio-campos/vecto/vecto.go:74.2,74.39 1 1
github.com/caio-campos/vecto/vecto.go:74.39,76.3 1 1
github.com/caio-campos/vecto/vecto.go:78.2,78.32 1 1
github.com/caio-campos/vecto/vecto.go:78.32,80.3 1 1
github.com/caio-campos/vecto/vecto.go:82.2,82.26 1 1
github.com/caio-campos/vecto/vecto.go:82.26,83.72 1 1
github.com/caio-campos/vecto/vecto.go:83.72,85.4 1 1
github.com/caio-campos/vecto/vecto.go:88.2,88.12 1 1
github.com/caio-campos/vecto/vecto.go:91.52,108.28 2 1
github.com/caio-campos/vecto/vecto.go:108.28,110.3 1 1
github.com/caio-campos/vecto/vecto.go:112.2,112.27 1 1
github.com/caio-campos/vecto/vecto.go:112.27,114.3 1 1
github.com/caio-campos/vecto/vecto.go:116.2,116.31 1 1
github.com/caio-campos/vecto/vecto.go:116.31,117.28 1 1
github.com/caio-campos/vecto/vecto.go:117.28,119.4 1 0
github.com/caio-campos/vecto/vecto.go:120.3,120.38 1 1
github.com/caio-campos/vecto/vecto.go:120.38,122.4 1 1
github.com/caio-campos/vecto/vecto.go:125.2,125.36 1 1
github.com/caio-campos/vecto/vecto.go:125.36,127.3 1 0
github.com/caio-campos/vecto/vecto.go:129.2,129.35 1 1
github.com/caio-campos/vecto/vecto.go:129.35,131.3 1 0
github.com/caio-campos/vecto/vecto.go:133.2,133.29 1 1
github.com/caio-campos/vecto/vecto.go:133.29,135.3 1 0
github.com/caio-campos/vecto/vecto.go:137.2,137.38 1 1
github.com/caio-campos/vecto/vecto.go:137.38,139.3 1 1
github.com/caio-campos/vecto/vecto.go:141.2,141.36 1 1
github.com/caio-campos/vecto/vecto.go:141.36,143.3 1 0
github.com/caio-campos/vecto/vecto.go:145.2,147.28 2 1
github.com/caio-campos/vecto/vecto.go:147.28,149.3 1 0
github.com/caio-campos/vecto/vecto.go:151.2,151.38 1 1
github.com/caio-campos/vecto/vecto.go:151.38,153.3 1 1
github.com/caio-campos/vecto/vecto.go:155.2,155.41 1 1
github.com/caio-campos/vecto/vecto.go:155.41,157.3 1 1
github.com/caio-campos/vecto/vecto.go:159.2,159.34 1 1
github.com/caio-campos/vecto/vecto.go:159.34,161.3 1 1
github.com/caio-campos/vecto/vecto.go:163.2,163.15 1 1
github.com/caio-campos/vecto/vecto.go:166.64,167.23 1 1
github.com/caio-campos/vecto/vecto.go:167.23,169.3 1 0
github.com/caio-campos/vecto/vecto.go:171.2,172.28 2 1
github.com/caio-campos/vecto/vecto.go:172.28,174.3 1 1
github.com/caio-campos/vecto/vecto.go:176.2,176.15 1 1
github.com/caio-campos/vecto/vecto.go:179.78,180.28 1 1
github.com/caio-campos/vecto/vecto.go:180.28,182.3 1 1
github.com/caio-campos/vecto/vecto.go:184.2,187.15 3 0
github.com/caio-campos/vecto/vecto.go:190.107,192.2 1 1
github.com/caio-campos/vecto/vecto.go:194.108,196.2 1 1
github.com/caio-campos/vecto/vecto.go:198.106,200.2 1 1
github.com/caio-campos/vecto/vecto.go:202.106,204.2 1 1
github.com/caio-campos/vecto/vecto.go:206.109,208.2 1 1
github.com/caio-campos/vecto/vecto.go:210.107,212.2 1 0
github.com/caio-campos/vecto/vecto.go:214.110,216.2 1 1
github.com/caio-campos/vecto/vecto.go:218.125,220.16 1 1
github.com/caio-campos/vecto/vecto.go:220.16,222.3 1 1
github.com/caio-campos/vecto/vecto.go:224.2,225.16 2 1
github.com/caio-campos/vecto/vecto.go:225.16,232.3 2 0
github.com/caio-campos/vecto/vecto.go:234.2,239.29 2 1
github.com/caio-campos/vecto/vecto.go:239.29,241.3 1 0
github.com/caio-campos/vecto/vecto.go:243.2,244.16 2 1
github.com/caio-campos/vecto/vecto.go:244.16,250.3 2 0
github.com/caio-campos/vecto/vecto.go:252.2,253.16 2 1
github.com/caio-campos/vecto/vecto.go:253.16,260.3 2 1
github.com/caio-campos/vecto/vecto.go:262.2,270.16 4 1
github.com/caio-campos/vecto/vecto.go:270.16,277.3 2 0
github.com/caio-campos/vecto/vecto.go:280.2,282.23 2 1
github.com/caio-campos/vecto/vecto.go:286.78,302.24 9 1
github.com/caio-campos/vecto/vecto.go:302.24,304.3 1 0
github.com/caio-campos/vecto/vecto.go:306.2,307.26 2 1
github.com/caio-campos/vecto/vecto.go:307.26,309.3 1 0
github.com/caio-campos/vecto/vecto.go:311.2,313.31 2 1
github.com/caio-campos/vecto/vecto.go:313.31,314.10 1 1
github.com/caio-campos/vecto/vecto.go:315.21,319.10 2 0
github.com/caio-campos/vecto/vecto.go:320.26,320.26 0 1
github.com/caio-campos/vecto/vecto.go:323.3,323.58 1 1
github.com/caio-campos/vecto/vecto.go:323.58,324.17 1 1
github.com/caio-campos/vecto/vecto.go:324.17,326.33 2 1
github.com/caio-campos/vecto/vecto.go:326.33,331.6 1 0
github.com/caio-campos/vecto/vecto.go:334.4,338.14 4 1
github.com/caio-campos/vecto/vecto.go:338.14,340.12 2 1
github.com/caio-campos/vecto/vecto.go:341.31,342.12 1 0
github.com/caio-campos/vecto/vecto.go:343.13,344.21 1 1
github.com/caio-campos/vecto/vecto.go:348.4,348.11 1 1
github.com/caio-campos/vecto/vecto.go:349.16,349.16 0 1
github.com/caio-campos/vecto/vecto.go:350.30,354.7 1 0
github.com/caio-campos/vecto/vecto.go:360.101,363.62 2 1
github.com/caio-campos/vecto/vecto.go:363.62,365.17 2 1
github.com/caio-campos/vecto/vecto.go:365.17,367.4 1 0
github.com/caio-campos/vecto/vecto.go:370.2,370.23 1 1
github.com/caio-campos/vecto/vecto.go:373.104,374.16 1 1
github.com/caio-campos/vecto/vecto.go:374.16,376.3 1 0
github.com/caio-campos/vecto/vecto.go:378.2,380.63 2 1
github.com/caio-campos/vecto/vecto.go:380.63,382.17 2 1
github.com/caio-campos/vecto/vecto.go:382.17,384.4 1 0
github.com/caio-campos/vecto/vecto.go:387.2,387.23 1 1
github.com/caio-campos/vecto/vecto.go:390.101,392.20 2 1
github.com/caio-campos/vecto/vecto.go:392.20,394.3 1 1
github.com/caio-campos/vecto/vecto.go:396.2,399.38 3 1
github.com/caio-campos/vecto/vecto.go:399.38,401.3 1 1
github.com/caio-campos/vecto/vecto.go:402.2,402.40 1 1
github.com/caio-campos/vecto/vecto.go:402.40,404.3 1 1
github.com/caio-campos/vecto/vecto.go:406.2,412.44 2 1
github.com/caio-campos/vecto/vecto.go:412.44,414.3 1 0
github.com/caio-campos/vecto/vecto.go:416.2,417.16 2 1
github.com/caio-campos/vecto/vecto.go:417.16,419.3 1 0
github.com/caio-campos/vecto/vecto.go:421.2,421.17 1 1
github.com/caio-campos/vecto/vecto.go:424.45,426.16 2 1
github.com/caio-campos/vecto/vecto.go:426.16,428.3 1 0
github.com/caio-campos/vecto/vecto.go:430.2,432.12 2 1
